<?xml version="1.0" encoding="UTF-8"?>
<!-- Generated by org.testng.reporters.JUnitXMLReporter -->
<testsuite ignored="0" hostname="acharya-t590" failures="0" tests="5" name="Test" time="9.692" errors="0" timestamp="2024-07-05T06:15:13 GMT-07:00">
  <testcase classname="rb.tests.TestCases" name="searchItem" time="4.577"/>
  <testcase classname="rb.tests.TestCases" name="getResult" time="1.843"/>
  <testcase classname="rb.tests.TestCases" name="verifyResult" time="0.293"/>
  <testcase classname="rb.tests.TestCases" name="applyYearFilter" time="1.637"/>
  <testcase classname="rb.tests.TestCases" name="compareResults" time="0.834"/>
</testsuite> <!-- Test -->
